<?xml version="1.0" encoding="UTF-8"?>
<!-- Generated by org.testng.reporters.JUnitXMLReporter -->
<testsuite hostname="WINDOWS-74730O3" ignored="0" tests="0" failures="0" timestamp="20 ago 2019 15:24:09 GMT" time="0.005" errors="0">
  <testcase name="@BeforeSuite setUp" time="0.008" classname="com.qadominicana.base.BaseTest">
    <failure type="java.lang.NullPointerException">
      <![CDATA[java.lang.NullPointerException
at com.qadominicana.base.DriverFactory.create(DriverFactory.java:9)
at com.qadominicana.base.BaseTest.setUp(BaseTest.java:28)
... Removed 20 stack frames]]>
    </failure>
  </testcase> <!-- @BeforeSuite setUp -->
</testsuite>
